
> tourvision@3.1.0 dev /Users/mads/workspace/tourvision-mobile/nextjs-api
> next dev --turbo

   ▲ Next.js 15.3.0-canary.31 (Turbopack)
   - Local:        http://localhost:3001
   - Network:      http://192.168.1.211:3001
   - Environments: .env.local
   - Experiments (use with caution):
     ✓ ppr

 ✓ Starting...
 ✓ Compiled in 637ms
 ✓ Ready in 1537ms
 ⚠ Webpack is configured while Turbopack is not, which may cause problems.
 ⚠ See instructions if you need to configure Turbopack:
  https://nextjs.org/docs/app/api-reference/next-config-js/turbo

 ✓ Compiled /api/route in 395ms
 GET /api/route?waypoints=1.8538446%2C50.9524769%3B1.8926452140486434%2C50.93448439237802%3B4.368028462313517%2C51.20483252881349%3B4.370511903518863%2C51.206123512034274%3B4.385610399231062%2C51.208819023131674%3B4.3851349717989185%2C51.20895726573691%3B4.3997081%2C51.2211097&profile=driving 200 in 909ms
 GET /api/route?waypoints=1.8538446%2C50.9524769%3B1.8926452140486434%2C50.93448439237802%3B4.368028462313517%2C51.20483252881349%3B4.370511903518863%2C51.206123512034274%3B4.385610399231062%2C51.208819023131674%3B4.3851349717989185%2C51.20895726573691%3B4.3997081%2C51.2211097&profile=driving 200 in 906ms
 GET /api/route?waypoints=1.8538446%2C50.9524769%3B1.8926452140486434%2C50.93448439237802%3B4.368028462313517%2C51.20483252881349%3B4.370511903518863%2C51.206123512034274%3B4.385610399231062%2C51.208819023131674%3B4.3851349717989185%2C51.20895726573691%3B4.3997081%2C51.2211097&profile=driving 200 in 457ms
 GET /api/route?waypoints=1.8538446%2C50.9524769%3B1.8926452140486434%2C50.93448439237802%3B4.368028462313517%2C51.20483252881349%3B4.370511903518863%2C51.206123512034274%3B4.385610399231062%2C51.208819023131674%3B4.3851349717989185%2C51.20895726573691%3B4.3997081%2C51.2211097&profile=driving 200 in 414ms
 GET /api/route?waypoints=1.8538446%2C50.9524769%3B1.8926452140486434%2C50.93448439237802%3B4.368028462313517%2C51.20483252881349%3B4.370511903518863%2C51.206123512034274%3B4.385610399231062%2C51.208819023131674%3B4.3851349717989185%2C51.20895726573691%3B4.3997081%2C51.2211097&profile=driving 200 in 442ms
 GET /api/route?waypoints=1.8538446%2C50.9524769%3B1.8926452140486434%2C50.93448439237802%3B4.368028462313517%2C51.20483252881349%3B4.370511903518863%2C51.206123512034274%3B4.385610399231062%2C51.208819023131674%3B4.3851349717989185%2C51.20895726573691%3B4.3997081%2C51.2211097&profile=driving 200 in 414ms
 GET /api/route?waypoints=1.8538446%2C50.9524769%3B1.8926452140486434%2C50.93448439237802%3B4.368028462313517%2C51.20483252881349%3B4.370511903518863%2C51.206123512034274%3B4.385610399231062%2C51.208819023131674%3B4.3851349717989185%2C51.20895726573691%3B4.3997081%2C51.2211097&profile=driving 200 in 373ms
 GET /api/route?waypoints=1.8538446%2C50.9524769%3B1.8926452140486434%2C50.93448439237802%3B4.368028462313517%2C51.20483252881349%3B4.370511903518863%2C51.206123512034274%3B4.385610399231062%2C51.208819023131674%3B4.3851349717989185%2C51.20895726573691%3B4.3997081%2C51.2211097&profile=driving 200 in 409ms
 GET /api/route?waypoints=1.8538446%2C50.9524769%3B1.8926452140486434%2C50.93448439237802%3B4.368028462313517%2C51.20483252881349%3B4.370511903518863%2C51.206123512034274%3B4.385610399231062%2C51.208819023131674%3B4.3851349717989185%2C51.20895726573691%3B4.3997081%2C51.2211097&profile=driving 200 in 373ms
 GET /api/route?waypoints=1.8538446%2C50.9524769%3B1.8926452140486434%2C50.93448439237802%3B4.368028462313517%2C51.20483252881349%3B4.370511903518863%2C51.206123512034274%3B4.385610399231062%2C51.208819023131674%3B4.3851349717989185%2C51.20895726573691%3B4.3997081%2C51.2211097&profile=driving 200 in 392ms
